<?xml version="1.0" encoding="UTF-8"?>
<!-- Generated by org.testng.reporters.JUnitReportReporter -->
<testsuite hostname="Sunil-PC" failures="0" tests="5" name="com.sportyshoesTestCases.AdminDashboardPageTest" time="7.262" errors="0" timestamp="2024-11-02T09:23:38 GMT" skipped="0">
  <testcase classname="com.sportyshoesTestCases.AdminDashboardPageTest" name="verifyDashboardHeader" time="0.946"/>
  <system-out/>
  <testcase classname="com.sportyshoesTestCases.AdminDashboardPageTest" name="verifyProductList" time="1.497"/>
  <system-out/>
  <testcase classname="com.sportyshoesTestCases.AdminDashboardPageTest" name="addProductTest" time="2.280"/>
  <system-out/>
  <testcase classname="com.sportyshoesTestCases.AdminDashboardPageTest" name="productSearchTest" time="1.512"/>
  <system-out/>
  <testcase classname="com.sportyshoesTestCases.AdminDashboardPageTest" name="verifyLogout" time="1.027"/>
  <system-out/>
</testsuite> <!-- com.sportyshoesTestCases.AdminDashboardPageTest -->
