<?xml version="1.0" encoding="UTF-8"?>
<!-- Generated by org.testng.reporters.JUnitReportReporter -->
<testsuite hostname="Sunil-PC" failures="0" tests="1" name="com.sportyshoesTestCases.SignUpPageTest" time="1.618" errors="0" timestamp="2024-11-02T09:23:38 GMT" skipped="0">
  <testcase classname="com.sportyshoesTestCases.SignUpPageTest" name="signupPageTest" time="1.618"/>
  <system-out/>
</testsuite> <!-- com.sportyshoesTestCases.SignUpPageTest -->
