<?xml version="1.0" encoding="UTF-8"?>
<!-- Generated by org.testng.reporters.JUnitReportReporter -->
<testsuite hostname="Sunil-PC" failures="0" tests="5" name="com.sportyshoesTestCases.UserProfilePageTest" time="8.086" errors="0" timestamp="2024-11-02T09:23:38 GMT" skipped="0">
  <testcase classname="com.sportyshoesTestCases.UserProfilePageTest" name="verifyUserProfilePageElements" time="1.963"/>
  <system-out/>
  <testcase classname="com.sportyshoesTestCases.UserProfilePageTest" name="testEditProfileNavigation" time="1.927"/>
  <system-out/>
  <testcase classname="com.sportyshoesTestCases.UserProfilePageTest" name="testViewPastPurchases" time="1.477"/>
  <system-out/>
  <testcase classname="com.sportyshoesTestCases.UserProfilePageTest" name="testViewCart" time="1.259"/>
  <system-out/>
  <testcase classname="com.sportyshoesTestCases.UserProfilePageTest" name="testLogout" time="1.460"/>
  <system-out/>
</testsuite> <!-- com.sportyshoesTestCases.UserProfilePageTest -->
