<?xml version="1.0" encoding="UTF-8"?>
<!-- Generated by org.testng.reporters.JUnitReportReporter -->
<testsuite hostname="Sunil-PC" failures="0" tests="1" name="com.sportyshoesTestCases.LoginPageTest" time="1.597" errors="0" timestamp="2024-10-29T17:07:46 GMT" skipped="0">
  <testcase classname="com.sportyshoesTestCases.LoginPageTest" name="loginTest" time="1.597"/>
  <system-out/>
</testsuite> <!-- com.sportyshoesTestCases.LoginPageTest -->
