<?xml version="1.0" encoding="UTF-8"?>
<!-- Generated by org.testng.reporters.JUnitReportReporter -->
<testsuite hostname="Sunil-PC" failures="0" tests="6" name="com.sportyshoesTestCases.UserDashboardTest" time="5.524" errors="0" timestamp="2024-11-02T09:23:38 GMT" skipped="0">
  <testcase classname="com.sportyshoesTestCases.UserDashboardTest" name="verifyUserDashboardElements" time="0.656"/>
  <system-out/>
  <testcase classname="com.sportyshoesTestCases.UserDashboardTest" name="addToCartTest" time="1.090"/>
  <system-out/>
  <testcase classname="com.sportyshoesTestCases.UserDashboardTest" name="verifyProductDetails" time="1.167"/>
  <system-out/>
  <testcase classname="com.sportyshoesTestCases.UserDashboardTest" name="verifyNavigationLinks" time="0.862"/>
  <system-out/>
  <testcase classname="com.sportyshoesTestCases.UserDashboardTest" name="addMultipleItemsToCart" time="1.480"/>
  <system-out/>
  <testcase classname="com.sportyshoesTestCases.UserDashboardTest" name="verifyLogout" time="0.269"/>
  <system-out/>
</testsuite> <!-- com.sportyshoesTestCases.UserDashboardTest -->
