<?xml version="1.0" encoding="UTF-8"?>
<!-- Generated by org.testng.reporters.JUnitReportReporter -->
<testsuite hostname="Sunil-PC" failures="0" tests="1" name="com.sportyshoesTestCases.UserLoginPageTest" time="1.084" errors="0" timestamp="2024-11-02T09:23:38 GMT" skipped="0">
  <testcase classname="com.sportyshoesTestCases.UserLoginPageTest" name="verifyUserLogin" time="1.084"/>
  <system-out/>
</testsuite> <!-- com.sportyshoesTestCases.UserLoginPageTest -->
